TN:
SF:swaggerConfig.ts
FNF:0
FNH:0
DA:1,3
DA:2,3
DA:4,3
DA:21,3
DA:23,3
LF:5
LH:5
BRF:0
BRH:0
end_of_record
TN:
SF:src/app.ts
FN:22,(anonymous_8)
FN:23,(anonymous_9)
FN:37,(anonymous_10)
FN:37,(anonymous_11)
FNF:4
FNH:3
FNDA:0,(anonymous_8)
FNDA:3,(anonymous_9)
FNDA:3,(anonymous_10)
FNDA:3,(anonymous_11)
DA:1,3
DA:2,3
DA:3,3
DA:4,3
DA:7,3
DA:8,3
DA:9,3
DA:10,3
DA:12,3
DA:14,3
DA:17,3
DA:19,3
DA:20,3
DA:22,3
DA:23,3
DA:26,3
DA:29,3
DA:32,3
DA:33,3
DA:34,3
DA:35,3
DA:37,3
DA:38,3
DA:39,3
DA:42,3
LF:25
LH:25
BRDA:17,0,0,3
BRDA:17,0,1,0
BRF:2
BRH:1
end_of_record
TN:
SF:src/controllers/authController.ts
FN:11,(anonymous_8)
FN:11,(anonymous_9)
FN:29,(anonymous_10)
FN:29,(anonymous_11)
FN:75,(anonymous_12)
FN:75,(anonymous_13)
FN:94,(anonymous_14)
FN:119,(anonymous_15)
FN:119,(anonymous_16)
FN:154,(anonymous_17)
FN:155,(anonymous_18)
FN:169,(anonymous_19)
FN:169,(anonymous_20)
FN:193,(anonymous_21)
FNF:14
FNH:14
FNDA:10,(anonymous_8)
FNDA:10,(anonymous_9)
FNDA:13,(anonymous_10)
FNDA:13,(anonymous_11)
FNDA:3,(anonymous_12)
FNDA:3,(anonymous_13)
FNDA:12,(anonymous_14)
FNDA:9,(anonymous_15)
FNDA:9,(anonymous_16)
FNDA:49,(anonymous_17)
FNDA:49,(anonymous_18)
FNDA:46,(anonymous_19)
FNDA:46,(anonymous_20)
FNDA:43,(anonymous_21)
DA:2,3
DA:5,3
DA:6,3
DA:11,10
DA:12,10
DA:13,10
DA:14,10
DA:15,10
DA:17,8
DA:23,6
DA:25,4
DA:29,13
DA:30,13
DA:32,13
DA:34,13
DA:35,1
DA:36,1
DA:39,12
DA:41,12
DA:42,1
DA:43,1
DA:46,11
DA:47,1
DA:48,1
DA:52,10
DA:53,10
DA:54,0
DA:55,0
DA:57,10
DA:58,0
DA:61,10
DA:62,10
DA:64,10
DA:71,0
DA:75,3
DA:76,3
DA:77,3
DA:78,1
DA:80,1
DA:82,2
DA:94,3
DA:95,12
DA:96,0
DA:99,12
DA:100,12
DA:107,12
DA:113,12
DA:119,9
DA:120,9
DA:121,9
DA:122,2
DA:123,0
DA:124,0
DA:126,2
DA:128,2
DA:129,0
DA:130,0
DA:132,2
DA:133,0
DA:135,2
DA:136,2
DA:137,2
DA:145,7
DA:154,3
DA:155,49
DA:158,49
DA:159,2
DA:160,2
DA:164,47
DA:165,1
DA:166,1
DA:169,46
DA:170,46
DA:171,4
DA:172,4
DA:176,42
DA:177,42
DA:179,42
DA:181,42
DA:182,0
DA:183,0
DA:186,42
DA:187,3
DA:188,3
DA:189,3
DA:190,3
DA:193,43
DA:194,39
DA:196,39
DA:198,0
DA:199,0
DA:208,3
DA:209,3
DA:210,3
DA:211,3
DA:212,3
LF:96
LH:82
BRDA:34,0,0,1
BRDA:41,1,0,1
BRDA:46,2,0,1
BRDA:53,3,0,0
BRDA:57,4,0,0
BRDA:95,5,0,0
BRDA:122,6,0,0
BRDA:128,7,0,0
BRDA:132,8,0,0
BRDA:158,9,0,2
BRDA:164,10,0,1
BRDA:170,11,0,4
BRDA:181,12,0,0
BRDA:186,13,0,3
BRDA:186,14,0,42
BRDA:186,14,1,42
BRF:16
BRH:9
end_of_record
TN:
SF:src/controllers/commentController.ts
FN:8,(anonymous_8)
FN:8,(anonymous_9)
FN:24,(anonymous_10)
FN:24,(anonymous_11)
FN:35,(anonymous_12)
FN:35,(anonymous_13)
FN:45,(anonymous_14)
FN:45,(anonymous_15)
FN:68,(anonymous_16)
FN:68,(anonymous_17)
FNF:10
FNH:10
FNDA:4,(anonymous_8)
FNDA:4,(anonymous_9)
FNDA:2,(anonymous_10)
FNDA:2,(anonymous_11)
FNDA:1,(anonymous_12)
FNDA:1,(anonymous_13)
FNDA:3,(anonymous_14)
FNDA:3,(anonymous_15)
FNDA:4,(anonymous_16)
FNDA:4,(anonymous_17)
DA:2,3
DA:5,3
DA:8,4
DA:9,4
DA:10,4
DA:11,4
DA:16,4
DA:18,3
DA:20,1
DA:24,3
DA:25,2
DA:26,2
DA:27,1
DA:29,1
DA:31,1
DA:35,3
DA:36,1
DA:37,1
DA:38,1
DA:39,1
DA:41,0
DA:45,3
DA:46,3
DA:47,3
DA:48,3
DA:49,3
DA:51,3
DA:57,2
DA:58,1
DA:59,1
DA:62,1
DA:64,1
DA:68,4
DA:69,4
DA:70,4
DA:71,4
DA:72,4
DA:74,3
DA:75,1
DA:76,1
DA:79,2
DA:80,1
DA:81,1
DA:84,1
DA:86,1
DA:88,1
DA:93,3
DA:94,3
DA:95,3
DA:96,3
DA:97,3
LF:51
LH:50
BRDA:57,0,0,1
BRDA:74,1,0,1
BRDA:79,2,0,1
BRF:3
BRH:3
end_of_record
TN:
SF:src/controllers/postController.ts
FN:18,(anonymous_7)
FN:18,(anonymous_8)
FN:33,(anonymous_9)
FN:33,(anonymous_10)
FN:50,(anonymous_11)
FN:50,(anonymous_12)
FN:65,(anonymous_13)
FN:65,(anonymous_14)
FN:92,(anonymous_15)
FN:92,(anonymous_16)
FNF:10
FNH:10
FNDA:7,(anonymous_7)
FNDA:7,(anonymous_8)
FNDA:4,(anonymous_9)
FNDA:4,(anonymous_10)
FNDA:2,(anonymous_11)
FNDA:2,(anonymous_12)
FNDA:3,(anonymous_13)
FNDA:3,(anonymous_14)
FNDA:5,(anonymous_15)
FNDA:5,(anonymous_16)
DA:4,3
DA:5,3
DA:18,7
DA:19,7
DA:20,7
DA:21,7
DA:26,7
DA:27,6
DA:29,1
DA:33,4
DA:34,4
DA:35,4
DA:38,4
DA:39,1
DA:41,3
DA:44,4
DA:46,0
DA:50,3
DA:51,2
DA:52,2
DA:54,2
DA:55,1
DA:56,1
DA:59,1
DA:61,0
DA:65,3
DA:66,3
DA:67,3
DA:68,3
DA:70,2
DA:71,2
DA:72,2
DA:75,0
DA:76,0
DA:77,0
DA:80,0
DA:86,0
DA:88,1
DA:92,5
DA:93,5
DA:94,5
DA:96,4
DA:97,3
DA:98,3
DA:101,1
DA:102,0
DA:103,0
DA:106,1
DA:109,1
DA:111,1
DA:113,1
DA:118,3
DA:119,3
DA:120,3
DA:121,3
DA:122,3
LF:56
LH:47
BRDA:38,0,0,1
BRDA:38,0,1,3
BRDA:54,1,0,1
BRDA:70,2,0,2
BRDA:75,3,0,0
BRDA:96,4,0,3
BRDA:101,5,0,0
BRF:7
BRH:5
end_of_record
TN:
SF:src/middlewares/authMiddleware.ts
FN:9,(anonymous_8)
FN:9,(anonymous_9)
FN:35,(anonymous_10)
FN:35,(anonymous_11)
FNF:4
FNH:4
FNDA:40,(anonymous_8)
FNDA:40,(anonymous_9)
FNDA:36,(anonymous_10)
FNDA:36,(anonymous_11)
DA:2,3
DA:3,3
DA:9,40
DA:10,40
DA:12,40
DA:13,2
DA:15,38
DA:16,1
DA:17,1
DA:20,37
DA:23,37
DA:24,37
DA:25,37
DA:26,36
DA:27,0
DA:28,0
DA:31,1
DA:32,1
DA:35,36
DA:36,36
DA:37,1
DA:38,0
DA:39,0
DA:41,1
DA:43,1
DA:45,35
DA:46,35
LF:27
LH:23
BRDA:12,0,0,2
BRDA:12,1,0,40
BRDA:12,1,1,38
BRDA:12,1,2,38
BRDA:15,2,0,1
BRDA:24,3,0,0
BRDA:24,3,1,37
BRDA:26,4,0,0
BRDA:36,5,0,1
BRDA:37,6,0,0
BRDA:37,6,1,1
BRF:11
BRH:8
end_of_record
TN:
SF:src/models/comment.ts
FNF:0
FNH:0
DA:1,3
DA:4,3
DA:22,3
LF:3
LH:3
BRF:0
BRH:0
end_of_record
TN:
SF:src/models/post.ts
FNF:0
FNH:0
DA:1,3
DA:4,3
DA:21,3
LF:3
LH:3
BRF:0
BRH:0
end_of_record
TN:
SF:src/models/user.ts
FNF:0
FNH:0
DA:1,3
DA:4,3
DA:27,3
LF:3
LH:3
BRF:0
BRH:0
end_of_record
TN:
SF:src/routes/auth.ts
FNF:0
FNH:0
DA:1,3
DA:2,3
DA:4,3
DA:35,3
DA:63,3
DA:91,3
DA:118,3
DA:120,3
LF:8
LH:8
BRF:0
BRH:0
end_of_record
TN:
SF:src/routes/comments.ts
FNF:0
FNH:0
DA:1,3
DA:2,3
DA:3,3
DA:5,3
DA:29,3
DA:62,3
DA:99,3
DA:127,3
DA:151,3
DA:153,3
LF:10
LH:10
BRF:0
BRH:0
end_of_record
TN:
SF:src/routes/posts.ts
FNF:0
FNH:0
DA:1,3
DA:2,3
DA:3,3
DA:5,3
DA:22,3
DA:48,3
DA:81,3
DA:120,3
DA:148,3
DA:150,3
LF:10
LH:10
BRF:0
BRH:0
end_of_record
